%!Adobe-FontList 1.19
%Locale:0x419

%BeginFont
Handler:DirectoryHandler
FontType:Invalid
OutlineFileName:D:\Projects\ROSBANK\ROSBANK_Survey3\Font\Montserrat\demo.html
FileModTime:1556174034
%EndFont

%BeginFont
Handler:DirectoryHandler
FontType:Invalid
OutlineFileName:D:\Projects\ROSBANK\ROSBANK_Survey3\Font\Montserrat\Montserrat-Black.eot
FileModTime:1556174034
%EndFont

%BeginFont
Handler:DirectoryHandler
FontType:TrueType
FontName:Montserrat-Black
FamilyName:Montserrat
StyleName:Black
FullName:Montserrat Black
MenuName:Montserrat Black
StyleBits:0
WritingScript:Roman
OutlineFileName:D:\Projects\ROSBANK\ROSBANK_Survey3\Font\Montserrat\Montserrat-Black.ttf
DataFormat:sfntData
hasSVG:no
VariableFontType:NonVariableFont
FileLength:333444
FileModTime:1556174034
WeightClass:900
WidthClass:5
AngleClass:0
NameArray:0,Mac,4,Montserrat Black
NameArray:0,Win,1,Montserrat Black
NameArray:0,Win,16,Montserrat
%EndFont

%BeginFont
Handler:DirectoryHandler
FontType:Invalid
OutlineFileName:D:\Projects\ROSBANK\ROSBANK_Survey3\Font\Montserrat\Montserrat-Black.woff
FileModTime:1556174034
%EndFont

%BeginFont
Handler:DirectoryHandler
FontType:Invalid
OutlineFileName:D:\Projects\ROSBANK\ROSBANK_Survey3\Font\Montserrat\Montserrat-BlackItalic.eot
FileModTime:1556174034
%EndFont

%BeginFont
Handler:DirectoryHandler
FontType:TrueType
FontName:Montserrat-BlackItalic
FamilyName:Montserrat
StyleName:Black Italic
FullName:Montserrat Black Italic
MenuName:Montserrat Black
StyleBits:1
WritingScript:Roman
OutlineFileName:D:\Projects\ROSBANK\ROSBANK_Survey3\Font\Montserrat\Montserrat-BlackItalic.ttf
DataFormat:sfntData
hasSVG:no
VariableFontType:NonVariableFont
FileLength:339016
FileModTime:1556174034
WeightClass:900
WidthClass:5
AngleClass:1
NameArray:0,Mac,4,Montserrat Black Italic
NameArray:0,Win,1,Montserrat Black
NameArray:0,Win,16,Montserrat
%EndFont

%BeginFont
Handler:DirectoryHandler
FontType:Invalid
OutlineFileName:D:\Projects\ROSBANK\ROSBANK_Survey3\Font\Montserrat\Montserrat-BlackItalic.woff
FileModTime:1556174034
%EndFont

%BeginFont
Handler:DirectoryHandler
FontType:Invalid
OutlineFileName:D:\Projects\ROSBANK\ROSBANK_Survey3\Font\Montserrat\Montserrat-Bold.eot
FileModTime:1556174034
%EndFont

%BeginFont
Handler:DirectoryHandler
FontType:TrueType
FontName:Montserrat-Bold
FamilyName:Montserrat
StyleName:Bold
FullName:Montserrat Bold
MenuName:Montserrat
StyleBits:2
WritingScript:Roman
OutlineFileName:D:\Projects\ROSBANK\ROSBANK_Survey3\Font\Montserrat\Montserrat-Bold.ttf
DataFormat:sfntData
hasSVG:no
VariableFontType:NonVariableFont
FileLength:320072
FileModTime:1556174034
WeightClass:700
WidthClass:5
AngleClass:0
NameArray:0,Mac,4,Montserrat Bold
NameArray:0,Win,1,Montserrat
%EndFont

%BeginFont
Handler:DirectoryHandler
FontType:Invalid
OutlineFileName:D:\Projects\ROSBANK\ROSBANK_Survey3\Font\Montserrat\Montserrat-Bold.woff
FileModTime:1556174034
%EndFont

%BeginFont
Handler:DirectoryHandler
FontType:Invalid
OutlineFileName:D:\Projects\ROSBANK\ROSBANK_Survey3\Font\Montserrat\Montserrat-BoldItalic.eot
FileModTime:1556174034
%EndFont

%BeginFont
Handler:DirectoryHandler
FontType:TrueType
FontName:Montserrat-BoldItalic
FamilyName:Montserrat
StyleName:Bold Italic
FullName:Montserrat Bold Italic
MenuName:Montserrat
StyleBits:3
WritingScript:Roman
OutlineFileName:D:\Projects\ROSBANK\ROSBANK_Survey3\Font\Montserrat\Montserrat-BoldItalic.ttf
DataFormat:sfntData
hasSVG:no
VariableFontType:NonVariableFont
FileLength:326532
FileModTime:1556174034
WeightClass:700
WidthClass:5
AngleClass:1
NameArray:0,Mac,4,Montserrat Bold Italic
NameArray:0,Win,1,Montserrat
%EndFont

%BeginFont
Handler:DirectoryHandler
FontType:Invalid
OutlineFileName:D:\Projects\ROSBANK\ROSBANK_Survey3\Font\Montserrat\Montserrat-BoldItalic.woff
FileModTime:1556174034
%EndFont

%BeginFont
Handler:DirectoryHandler
FontType:Invalid
OutlineFileName:D:\Projects\ROSBANK\ROSBANK_Survey3\Font\Montserrat\Montserrat-ExtraBold.eot
FileModTime:1556174034
%EndFont

%BeginFont
Handler:DirectoryHandler
FontType:TrueType
FontName:Montserrat-ExtraBold
FamilyName:Montserrat
StyleName:ExtraBold
FullName:Montserrat ExtraBold
MenuName:Montserrat ExtraBold
StyleBits:0
WritingScript:Roman
OutlineFileName:D:\Projects\ROSBANK\ROSBANK_Survey3\Font\Montserrat\Montserrat-ExtraBold.ttf
DataFormat:sfntData
hasSVG:no
VariableFontType:NonVariableFont
FileLength:320800
FileModTime:1556174034
WeightClass:800
WidthClass:5
AngleClass:0
NameArray:0,Mac,4,Montserrat ExtraBold
NameArray:0,Win,1,Montserrat ExtraBold
NameArray:0,Win,16,Montserrat
%EndFont

%BeginFont
Handler:DirectoryHandler
FontType:Invalid
OutlineFileName:D:\Projects\ROSBANK\ROSBANK_Survey3\Font\Montserrat\Montserrat-ExtraBold.woff
FileModTime:1556174034
%EndFont

%BeginFont
Handler:DirectoryHandler
FontType:Invalid
OutlineFileName:D:\Projects\ROSBANK\ROSBANK_Survey3\Font\Montserrat\Montserrat-ExtraBoldItalic.eot
FileModTime:1556174034
%EndFont

%BeginFont
Handler:DirectoryHandler
FontType:TrueType
FontName:Montserrat-ExtraBoldItalic
FamilyName:Montserrat
StyleName:ExtraBold Italic
FullName:Montserrat ExtraBold Italic
MenuName:Montserrat ExtraBold
StyleBits:1
WritingScript:Roman
OutlineFileName:D:\Projects\ROSBANK\ROSBANK_Survey3\Font\Montserrat\Montserrat-ExtraBoldItalic.ttf
DataFormat:sfntData
hasSVG:no
VariableFontType:NonVariableFont
FileLength:327048
FileModTime:1556174034
WeightClass:800
WidthClass:5
AngleClass:1
NameArray:0,Mac,4,Montserrat ExtraBold Italic
NameArray:0,Win,1,Montserrat ExtraBold
NameArray:0,Win,16,Montserrat
%EndFont

%BeginFont
Handler:DirectoryHandler
FontType:Invalid
OutlineFileName:D:\Projects\ROSBANK\ROSBANK_Survey3\Font\Montserrat\Montserrat-ExtraBoldItalic.woff
FileModTime:1556174034
%EndFont

%BeginFont
Handler:DirectoryHandler
FontType:Invalid
OutlineFileName:D:\Projects\ROSBANK\ROSBANK_Survey3\Font\Montserrat\Montserrat-ExtraLight.eot
FileModTime:1556174034
%EndFont

%BeginFont
Handler:DirectoryHandler
FontType:TrueType
FontName:Montserrat-ExtraLight
FamilyName:Montserrat
StyleName:ExtraLight
FullName:Montserrat ExtraLight
MenuName:Montserrat ExtraLight
StyleBits:0
WritingScript:Roman
OutlineFileName:D:\Projects\ROSBANK\ROSBANK_Survey3\Font\Montserrat\Montserrat-ExtraLight.ttf
DataFormat:sfntData
hasSVG:no
VariableFontType:NonVariableFont
FileLength:318856
FileModTime:1556174034
WeightClass:275
WidthClass:5
AngleClass:0
NameArray:0,Mac,4,Montserrat ExtraLight
NameArray:0,Win,1,Montserrat ExtraLight
NameArray:0,Win,16,Montserrat
%EndFont

%BeginFont
Handler:DirectoryHandler
FontType:Invalid
OutlineFileName:D:\Projects\ROSBANK\ROSBANK_Survey3\Font\Montserrat\Montserrat-ExtraLight.woff
FileModTime:1556174034
%EndFont

%BeginFont
Handler:DirectoryHandler
FontType:Invalid
OutlineFileName:D:\Projects\ROSBANK\ROSBANK_Survey3\Font\Montserrat\Montserrat-ExtraLightItalic.eot
FileModTime:1556174034
%EndFont

%BeginFont
Handler:DirectoryHandler
FontType:TrueType
FontName:Montserrat-ExtraLightItalic
FamilyName:Montserrat
StyleName:ExtraLight Italic
FullName:Montserrat ExtraLight Italic
MenuName:Montserrat ExtraLight
StyleBits:1
WritingScript:Roman
OutlineFileName:D:\Projects\ROSBANK\ROSBANK_Survey3\Font\Montserrat\Montserrat-ExtraLightItalic.ttf
DataFormat:sfntData
hasSVG:no
VariableFontType:NonVariableFont
FileLength:324156
FileModTime:1556174034
WeightClass:275
WidthClass:5
AngleClass:1
NameArray:0,Mac,4,Montserrat ExtraLight Italic
NameArray:0,Win,1,Montserrat ExtraLight
NameArray:0,Win,16,Montserrat
%EndFont

%BeginFont
Handler:DirectoryHandler
FontType:Invalid
OutlineFileName:D:\Projects\ROSBANK\ROSBANK_Survey3\Font\Montserrat\Montserrat-ExtraLightItalic.woff
FileModTime:1556174034
%EndFont

%BeginFont
Handler:DirectoryHandler
FontType:Invalid
OutlineFileName:D:\Projects\ROSBANK\ROSBANK_Survey3\Font\Montserrat\Montserrat-Italic.eot
FileModTime:1556174034
%EndFont

%BeginFont
Handler:DirectoryHandler
FontType:TrueType
FontName:Montserrat-Italic
FamilyName:Montserrat
StyleName:Italic
FullName:Montserrat Italic
MenuName:Montserrat
StyleBits:1
WritingScript:Roman
OutlineFileName:D:\Projects\ROSBANK\ROSBANK_Survey3\Font\Montserrat\Montserrat-Italic.ttf
DataFormat:sfntData
hasSVG:no
VariableFontType:NonVariableFont
FileLength:326500
FileModTime:1556174034
WeightClass:400
WidthClass:5
AngleClass:1
NameArray:0,Mac,4,Montserrat Italic
NameArray:0,Win,1,Montserrat
%EndFont

%BeginFont
Handler:DirectoryHandler
FontType:Invalid
OutlineFileName:D:\Projects\ROSBANK\ROSBANK_Survey3\Font\Montserrat\Montserrat-Italic.woff
FileModTime:1556174034
%EndFont

%BeginFont
Handler:DirectoryHandler
FontType:Invalid
OutlineFileName:D:\Projects\ROSBANK\ROSBANK_Survey3\Font\Montserrat\Montserrat-Light.eot
FileModTime:1556174034
%EndFont

%BeginFont
Handler:DirectoryHandler
FontType:TrueType
FontName:Montserrat-Light
FamilyName:Montserrat
StyleName:Light
FullName:Montserrat Light
MenuName:Montserrat Light
StyleBits:0
WritingScript:Roman
OutlineFileName:D:\Projects\ROSBANK\ROSBANK_Survey3\Font\Montserrat\Montserrat-Light.ttf
DataFormat:sfntData
hasSVG:no
VariableFontType:NonVariableFont
FileLength:318044
FileModTime:1556174034
WeightClass:300
WidthClass:5
AngleClass:0
NameArray:0,Mac,4,Montserrat Light
NameArray:0,Win,1,Montserrat Light
NameArray:0,Win,16,Montserrat
%EndFont

%BeginFont
Handler:DirectoryHandler
FontType:Invalid
OutlineFileName:D:\Projects\ROSBANK\ROSBANK_Survey3\Font\Montserrat\Montserrat-Light.woff
FileModTime:1556174034
%EndFont

%BeginFont
Handler:DirectoryHandler
FontType:Invalid
OutlineFileName:D:\Projects\ROSBANK\ROSBANK_Survey3\Font\Montserrat\Montserrat-LightItalic.eot
FileModTime:1556174034
%EndFont

%BeginFont
Handler:DirectoryHandler
FontType:TrueType
FontName:Montserrat-LightItalic
FamilyName:Montserrat
StyleName:Light Italic
FullName:Montserrat Light Italic
MenuName:Montserrat Light
StyleBits:1
WritingScript:Roman
OutlineFileName:D:\Projects\ROSBANK\ROSBANK_Survey3\Font\Montserrat\Montserrat-LightItalic.ttf
DataFormat:sfntData
hasSVG:no
VariableFontType:NonVariableFont
FileLength:323672
FileModTime:1556174034
WeightClass:300
WidthClass:5
AngleClass:1
NameArray:0,Mac,4,Montserrat Light Italic
NameArray:0,Win,1,Montserrat Light
NameArray:0,Win,16,Montserrat
%EndFont

%BeginFont
Handler:DirectoryHandler
FontType:Invalid
OutlineFileName:D:\Projects\ROSBANK\ROSBANK_Survey3\Font\Montserrat\Montserrat-LightItalic.woff
FileModTime:1556174034
%EndFont

%BeginFont
Handler:DirectoryHandler
FontType:Invalid
OutlineFileName:D:\Projects\ROSBANK\ROSBANK_Survey3\Font\Montserrat\Montserrat-Medium.eot
FileModTime:1556174034
%EndFont

%BeginFont
Handler:DirectoryHandler
FontType:TrueType
FontName:Montserrat-Medium
FamilyName:Montserrat
StyleName:Medium
FullName:Montserrat Medium
MenuName:Montserrat Medium
StyleBits:0
WritingScript:Roman
OutlineFileName:D:\Projects\ROSBANK\ROSBANK_Survey3\Font\Montserrat\Montserrat-Medium.ttf
DataFormat:sfntData
hasSVG:no
VariableFontType:NonVariableFont
FileLength:318868
FileModTime:1556174034
WeightClass:500
WidthClass:5
AngleClass:0
NameArray:0,Mac,4,Montserrat Medium
NameArray:0,Win,1,Montserrat Medium
NameArray:0,Win,16,Montserrat
%EndFont

%BeginFont
Handler:DirectoryHandler
FontType:Invalid
OutlineFileName:D:\Projects\ROSBANK\ROSBANK_Survey3\Font\Montserrat\Montserrat-Medium.woff
FileModTime:1556174034
%EndFont

%BeginFont
Handler:DirectoryHandler
FontType:Invalid
OutlineFileName:D:\Projects\ROSBANK\ROSBANK_Survey3\Font\Montserrat\Montserrat-MediumItalic.eot
FileModTime:1556174034
%EndFont

%BeginFont
Handler:DirectoryHandler
FontType:TrueType
FontName:Montserrat-MediumItalic
FamilyName:Montserrat
StyleName:Medium Italic
FullName:Montserrat Medium Italic
MenuName:Montserrat Medium
StyleBits:1
WritingScript:Roman
OutlineFileName:D:\Projects\ROSBANK\ROSBANK_Survey3\Font\Montserrat\Montserrat-MediumItalic.ttf
DataFormat:sfntData
hasSVG:no
VariableFontType:NonVariableFont
FileLength:325088
FileModTime:1556174034
WeightClass:500
WidthClass:5
AngleClass:1
NameArray:0,Mac,4,Montserrat Medium Italic
NameArray:0,Win,1,Montserrat Medium
NameArray:0,Win,16,Montserrat
%EndFont

%BeginFont
Handler:DirectoryHandler
FontType:Invalid
OutlineFileName:D:\Projects\ROSBANK\ROSBANK_Survey3\Font\Montserrat\Montserrat-MediumItalic.woff
FileModTime:1556174034
%EndFont

%BeginFont
Handler:DirectoryHandler
FontType:Invalid
OutlineFileName:D:\Projects\ROSBANK\ROSBANK_Survey3\Font\Montserrat\Montserrat-Regular.eot
FileModTime:1556174034
%EndFont

%BeginFont
Handler:DirectoryHandler
FontType:TrueType
FontName:Montserrat-Regular
FamilyName:Montserrat
StyleName:Regular
FullName:Montserrat Regular
MenuName:Montserrat
StyleBits:0
WritingScript:Roman
OutlineFileName:D:\Projects\ROSBANK\ROSBANK_Survey3\Font\Montserrat\Montserrat-Regular.ttf
DataFormat:sfntData
hasSVG:no
VariableFontType:NonVariableFont
FileLength:321696
FileModTime:1556174034
WeightClass:400
WidthClass:5
AngleClass:0
NameArray:0,Mac,4,Montserrat Regular
NameArray:0,Win,1,Montserrat
%EndFont

%BeginFont
Handler:DirectoryHandler
FontType:Invalid
OutlineFileName:D:\Projects\ROSBANK\ROSBANK_Survey3\Font\Montserrat\Montserrat-Regular.woff
FileModTime:1556174034
%EndFont

%BeginFont
Handler:DirectoryHandler
FontType:Invalid
OutlineFileName:D:\Projects\ROSBANK\ROSBANK_Survey3\Font\Montserrat\Montserrat-SemiBold.eot
FileModTime:1556174034
%EndFont

%BeginFont
Handler:DirectoryHandler
FontType:TrueType
FontName:Montserrat-SemiBold
FamilyName:Montserrat
StyleName:SemiBold
FullName:Montserrat SemiBold
MenuName:Montserrat SemiBold
StyleBits:0
WritingScript:Roman
OutlineFileName:D:\Projects\ROSBANK\ROSBANK_Survey3\Font\Montserrat\Montserrat-SemiBold.ttf
DataFormat:sfntData
hasSVG:no
VariableFontType:NonVariableFont
FileLength:319544
FileModTime:1556174034
WeightClass:600
WidthClass:5
AngleClass:0
NameArray:0,Mac,4,Montserrat SemiBold
NameArray:0,Win,1,Montserrat SemiBold
NameArray:0,Win,16,Montserrat
%EndFont

%BeginFont
Handler:DirectoryHandler
FontType:Invalid
OutlineFileName:D:\Projects\ROSBANK\ROSBANK_Survey3\Font\Montserrat\Montserrat-SemiBold.woff
FileModTime:1556174034
%EndFont

%BeginFont
Handler:DirectoryHandler
FontType:Invalid
OutlineFileName:D:\Projects\ROSBANK\ROSBANK_Survey3\Font\Montserrat\Montserrat-SemiBoldItalic.eot
FileModTime:1556174034
%EndFont

%BeginFont
Handler:DirectoryHandler
FontType:TrueType
FontName:Montserrat-SemiBoldItalic
FamilyName:Montserrat
StyleName:SemiBold Italic
FullName:Montserrat SemiBold Italic
MenuName:Montserrat SemiBold
StyleBits:1
WritingScript:Roman
OutlineFileName:D:\Projects\ROSBANK\ROSBANK_Survey3\Font\Montserrat\Montserrat-SemiBoldItalic.ttf
DataFormat:sfntData
hasSVG:no
VariableFontType:NonVariableFont
FileLength:326240
FileModTime:1556174034
WeightClass:600
WidthClass:5
AngleClass:1
NameArray:0,Mac,4,Montserrat SemiBold Italic
NameArray:0,Win,1,Montserrat SemiBold
NameArray:0,Win,16,Montserrat
%EndFont

%BeginFont
Handler:DirectoryHandler
FontType:Invalid
OutlineFileName:D:\Projects\ROSBANK\ROSBANK_Survey3\Font\Montserrat\Montserrat-SemiBoldItalic.woff
FileModTime:1556174034
%EndFont

%BeginFont
Handler:DirectoryHandler
FontType:Invalid
OutlineFileName:D:\Projects\ROSBANK\ROSBANK_Survey3\Font\Montserrat\Montserrat-Thin.eot
FileModTime:1556174034
%EndFont

%BeginFont
Handler:DirectoryHandler
FontType:TrueType
FontName:Montserrat-Thin
FamilyName:Montserrat
StyleName:Thin
FullName:Montserrat Thin
MenuName:Montserrat Thin
StyleBits:0
WritingScript:Roman
OutlineFileName:D:\Projects\ROSBANK\ROSBANK_Survey3\Font\Montserrat\Montserrat-Thin.ttf
DataFormat:sfntData
hasSVG:no
VariableFontType:NonVariableFont
FileLength:318288
FileModTime:1556174034
WeightClass:250
WidthClass:5
AngleClass:0
NameArray:0,Mac,4,Montserrat Thin
NameArray:0,Win,1,Montserrat Thin
NameArray:0,Win,16,Montserrat
%EndFont

%BeginFont
Handler:DirectoryHandler
FontType:Invalid
OutlineFileName:D:\Projects\ROSBANK\ROSBANK_Survey3\Font\Montserrat\Montserrat-Thin.woff
FileModTime:1556174034
%EndFont

%BeginFont
Handler:DirectoryHandler
FontType:Invalid
OutlineFileName:D:\Projects\ROSBANK\ROSBANK_Survey3\Font\Montserrat\Montserrat-ThinItalic.eot
FileModTime:1556174034
%EndFont

%BeginFont
Handler:DirectoryHandler
FontType:TrueType
FontName:Montserrat-ThinItalic
FamilyName:Montserrat
StyleName:Thin Italic
FullName:Montserrat Thin Italic
MenuName:Montserrat Thin
StyleBits:1
WritingScript:Roman
OutlineFileName:D:\Projects\ROSBANK\ROSBANK_Survey3\Font\Montserrat\Montserrat-ThinItalic.ttf
DataFormat:sfntData
hasSVG:no
VariableFontType:NonVariableFont
FileLength:323688
FileModTime:1556174034
WeightClass:250
WidthClass:5
AngleClass:1
NameArray:0,Mac,4,Montserrat Thin Italic
NameArray:0,Win,1,Montserrat Thin
NameArray:0,Win,16,Montserrat
%EndFont

%BeginFont
Handler:DirectoryHandler
FontType:Invalid
OutlineFileName:D:\Projects\ROSBANK\ROSBANK_Survey3\Font\Montserrat\Montserrat-ThinItalic.woff
FileModTime:1556174034
%EndFont

%BeginFont
Handler:DirectoryHandler
FontType:Invalid
OutlineFileName:D:\Projects\ROSBANK\ROSBANK_Survey3\Font\Montserrat\stylesheet.css
FileModTime:1556174034
%EndFont

